<?xml version="1.0" encoding="UTF-8"?>
<!-- Generated by org.testng.reporters.JUnitReportReporter -->
<testsuite hostname="DESKTOP-4N07MK4" failures="0" tests="3" name="com.mystore.testCases.HomePageTest" time="20.193" errors="0" timestamp="2022-07-25T12:22:45 IST" skipped="0">
  <testcase classname="com.mystore.testCases.HomePageTest" name="loginTest" time="7.701"/>
  <system-out/>
  <testcase classname="com.mystore.testCases.HomePageTest" name="signIn" time="12.366"/>
  <system-out/>
  <testcase classname="com.mystore.testCases.HomePageTest" name="currentURLChecking" time="0.126"/>
  <system-out/>
</testsuite> <!-- com.mystore.testCases.HomePageTest -->
