<?xml version="1.0" encoding="UTF-8"?>
<!-- Generated by org.testng.reporters.JUnitReportReporter -->
<testsuite hostname="DESKTOP-4N07MK4" failures="0" tests="1" name="com.mystore.dataprovider.DataProviderClass" time="2.352" errors="0" timestamp="2022-07-24T12:52:35 IST" skipped="0">
  <testcase classname="com.mystore.dataprovider.DataProviderClass" name="userData" time="2.352"/>
  <system-out/>
</testsuite> <!-- com.mystore.dataprovider.DataProviderClass -->
