<?xml version="1.0" encoding="UTF-8"?>
<!-- Generated by org.testng.reporters.JUnitReportReporter -->
<testsuite hostname="DESKTOP-4N07MK4" failures="0" tests="2" name="com.mystore.testCases.IndexPageTest" time="24.407" errors="0" timestamp="2022-07-25T12:17:36 IST" skipped="0">
  <testcase classname="com.mystore.testCases.IndexPageTest" name="titleCheck" time="0.011"/>
  <system-out/>
  <testcase classname="com.mystore.testCases.IndexPageTest" name="logoCheck" time="24.396"/>
  <system-out/>
</testsuite> <!-- com.mystore.testCases.IndexPageTest -->
