<?xml version="1.0" encoding="UTF-8"?>
<!-- Generated by org.testng.reporters.JUnitReportReporter -->
<testsuite hostname="DESKTOP-4N07MK4" failures="0" tests="1" name="com.mystore.utilities.ExcelData" time="2.512" errors="0" timestamp="2022-07-24T12:11:29 IST" skipped="0">
  <testcase classname="com.mystore.utilities.ExcelData" name="getData" time="2.512"/>
  <system-out/>
</testsuite> <!-- com.mystore.utilities.ExcelData -->
