<?xml version="1.0" encoding="UTF-8"?>
<!-- Generated by org.testng.reporters.JUnitReportReporter -->
<testsuite hostname="DESKTOP-4N07MK4" failures="0" tests="2" name="com.mystore.testCases.SearchPageTest" time="13.344" errors="0" timestamp="2022-07-25T12:17:36 IST" skipped="0">
  <testcase classname="com.mystore.testCases.SearchPageTest" name="searchTheObject" time="13.282"/>
  <system-out/>
  <testcase classname="com.mystore.testCases.SearchPageTest" name="productAvailabilityCheck" time="0.062"/>
  <system-out/>
</testsuite> <!-- com.mystore.testCases.SearchPageTest -->
