<?xml version="1.0" encoding="UTF-8"?>
<!-- Generated by org.testng.reporters.JUnitReportReporter -->
<testsuite hostname="DESKTOP-4N07MK4" failures="0" tests="1" name="com.mystore.baseclass.BaseClass" time="8.721" errors="0" timestamp="2022-07-14T17:39:20 IST" skipped="0">
  <testcase classname="com.mystore.baseclass.BaseClass" name="congifTest" time="8.721"/>
  <system-out/>
</testsuite> <!-- com.mystore.baseclass.BaseClass -->
